build/app/intermediates/manifest_merge_blame_file/debug/manifest-merger-blame-debug-report.txt
1<?xml version="1.0" encoding="utf-8"?>
2<manifest xmlns:android="http://schemas.android.com/apk/res/android"
3    package="com.mycompany.equibriumedsystem"
4    android:versionCode="1"
5    android:versionName="1.0.0" >
6
7    <uses-sdk
8        android:minSdkVersion="21"
9        android:targetSdkVersion="34" />
10    <!--
11         Flutter needs it to communicate with the running application
12         to allow setting breakpoints, to provide hot reload, etc.
13    -->
14    <uses-permission android:name="android.permission.INTERNET" />
14-->src\main\AndroidManifest.xml:4:5-66
14-->src\main\AndroidManifest.xml:4:22-64
15    <uses-permission android:name="android.permission.BLUETOOTH" />
15-->src\main\AndroidManifest.xml:6:5-68
15-->src\main\AndroidManifest.xml:6:22-65
16    <uses-permission android:name="BLUETOOTH_ADMIN" />
16-->src\main\AndroidManifest.xml:7:5-54
16-->src\main\AndroidManifest.xml:7:22-52
17    <uses-permission android:name="android.permission.BLUETOOTH_CONNECT" />
17-->src\main\AndroidManifest.xml:8:5-76
17-->src\main\AndroidManifest.xml:8:22-73
18    <uses-permission android:name="android.permission.BLUETOOTH_SCAN" />
18-->src\main\AndroidManifest.xml:9:5-73
18-->src\main\AndroidManifest.xml:9:22-70
19    <uses-permission android:name="android.permission.ACCESS_NETWORK_STATE" />
19-->src\main\AndroidManifest.xml:11:5-79
19-->src\main\AndroidManifest.xml:11:22-76
20    <uses-permission android:name="android.permission.BLUETOOTH_ADMIN" />
20-->[:flutter_bluetooth_serial] AndroidManifest.xml:10:5-74
20-->[:flutter_bluetooth_serial] AndroidManifest.xml:10:22-71
21    <uses-permission android:name="android.permission.ACCESS_COARSE_LOCATION" />
21-->[:flutter_bluetooth_serial] AndroidManifest.xml:11:5-81
21-->[:flutter_bluetooth_serial] AndroidManifest.xml:11:22-78
22    <uses-permission android:name="android.permission.ACCESS_FINE_LOCATION" />
22-->[:flutter_bluetooth_serial] AndroidManifest.xml:12:5-79
22-->[:flutter_bluetooth_serial] AndroidManifest.xml:12:22-76
23    <uses-permission android:name="com.google.android.providers.gsf.permission.READ_GSERVICES" />
23-->[com.google.android.recaptcha:recaptcha:18.4.0] AndroidManifest.xml:9:5-98
23-->[com.google.android.recaptcha:recaptcha:18.4.0] AndroidManifest.xml:9:22-95
24
25    <permission
25-->[androidx.core:core:1.10.1] AndroidManifest.xml:22:5-24:47
26        android:name="com.mycompany.equibriumedsystem.DYNAMIC_RECEIVER_NOT_EXPORTED_PERMISSION"
26-->[androidx.core:core:1.10.1] AndroidManifest.xml:23:9-81
27        android:protectionLevel="signature" />
27-->[androidx.core:core:1.10.1] AndroidManifest.xml:24:9-44
28
29    <uses-permission android:name="com.mycompany.equibriumedsystem.DYNAMIC_RECEIVER_NOT_EXPORTED_PERMISSION" />
29-->[androidx.core:core:1.10.1] AndroidManifest.xml:26:5-97
29-->[androidx.core:core:1.10.1] AndroidManifest.xml:26:22-94
30
31    <application
31-->src\main\AndroidManifest.xml:13:5-67:19
32        android:appComponentFactory="androidx.core.app.CoreComponentFactory"
32-->[androidx.core:core:1.10.1] AndroidManifest.xml:28:18-86
33        android:debuggable="true"
34        android:icon="@mipmap/ic_launcher"
34-->src\main\AndroidManifest.xml:16:9-43
35        android:label="EquibriuMed System"
35-->src\main\AndroidManifest.xml:14:9-43
36        android:requestLegacyExternalStorage="true" >
36-->src\main\AndroidManifest.xml:17:9-52
37        <activity
37-->src\main\AndroidManifest.xml:19:9-57:20
38            android:name="com.mycompany.equibriumedsystem.MainActivity"
38-->src\main\AndroidManifest.xml:20:13-41
39            android:configChanges="orientation|keyboardHidden|keyboard|screenSize|smallestScreenSize|locale|layoutDirection|fontScale|screenLayout|density|uiMode"
39-->src\main\AndroidManifest.xml:24:13-163
40            android:exported="true"
40-->src\main\AndroidManifest.xml:21:13-36
41            android:hardwareAccelerated="true"
41-->src\main\AndroidManifest.xml:25:13-47
42            android:launchMode="singleTop"
42-->src\main\AndroidManifest.xml:22:13-43
43            android:theme="@style/LaunchTheme"
43-->src\main\AndroidManifest.xml:23:13-47
44            android:windowSoftInputMode="adjustResize" >
44-->src\main\AndroidManifest.xml:26:13-55
45
46            <!--
47                 Specifies an Android theme to apply to this Activity as soon as
48                 the Android process has started. This theme is visible to the user
49                 while the Flutter UI initializes. After that, this theme continues
50                 to determine the Window background behind the Flutter UI.
51            -->
52            <meta-data
52-->src\main\AndroidManifest.xml:31:13-34:17
53                android:name="io.flutter.embedding.android.NormalTheme"
53-->src\main\AndroidManifest.xml:32:15-70
54                android:resource="@style/NormalTheme" />
54-->src\main\AndroidManifest.xml:33:15-52
55            <!--
56                 Displays an Android View that continues showing the launch screen
57                 Drawable until Flutter paints its first frame, then this splash
58                 screen fades out. A splash screen is useful to avoid any visual
59                 gap between the end of Android's launch screen and the painting of
60                 Flutter's first frame.
61            -->
62            <meta-data
62-->src\main\AndroidManifest.xml:40:13-43:17
63                android:name="io.flutter.embedding.android.SplashScreenDrawable"
63-->src\main\AndroidManifest.xml:41:15-79
64                android:resource="@drawable/launch_background" />
64-->src\main\AndroidManifest.xml:42:15-61
65
66            <intent-filter>
66-->src\main\AndroidManifest.xml:44:13-47:29
67                <action android:name="android.intent.action.MAIN" />
67-->src\main\AndroidManifest.xml:45:17-68
67-->src\main\AndroidManifest.xml:45:25-66
68
69                <category android:name="android.intent.category.LAUNCHER" />
69-->src\main\AndroidManifest.xml:46:17-76
69-->src\main\AndroidManifest.xml:46:27-74
70            </intent-filter>
71            <!-- Deep linking -->
72            <meta-data
72-->src\main\AndroidManifest.xml:49:13-90
73                android:name="flutter_deeplinking_enabled"
73-->src\main\AndroidManifest.xml:49:24-66
74                android:value="true" />
74-->src\main\AndroidManifest.xml:49:67-87
75
76            <intent-filter android:autoVerify="true" >
76-->src\main\AndroidManifest.xml:50:13-55:29
76-->src\main\AndroidManifest.xml:50:28-53
77                <action android:name="android.intent.action.VIEW" />
77-->src\main\AndroidManifest.xml:51:17-69
77-->src\main\AndroidManifest.xml:51:25-66
78
79                <category android:name="android.intent.category.DEFAULT" />
79-->src\main\AndroidManifest.xml:52:17-76
79-->src\main\AndroidManifest.xml:52:27-73
80                <category android:name="android.intent.category.BROWSABLE" />
80-->src\main\AndroidManifest.xml:53:17-78
80-->src\main\AndroidManifest.xml:53:27-75
81
82                <data
82-->src\main\AndroidManifest.xml:54:17-97
83                    android:host="equibriumedsystem.com"
83-->src\main\AndroidManifest.xml:54:58-94
84                    android:scheme="equibriumedsystem" />
84-->src\main\AndroidManifest.xml:54:23-57
85            </intent-filter>
86        </activity>
87
88        <!--
89             Don't delete the meta-data below.
90             This is used by the Flutter tool to generate GeneratedPluginRegistrant.java
91        -->
92        <meta-data
92-->src\main\AndroidManifest.xml:61:9-63:33
93            android:name="flutterEmbedding"
93-->src\main\AndroidManifest.xml:62:13-44
94            android:value="2" />
94-->src\main\AndroidManifest.xml:63:13-30
95
96        <service
96-->[:firebase_performance] AndroidManifest.xml:12:9-16:19
97            android:name="com.google.firebase.components.ComponentDiscoveryService"
97-->[:firebase_performance] AndroidManifest.xml:12:18-89
98            android:directBootAware="true"
98-->[com.google.firebase:firebase-common:20.4.2] AndroidManifest.xml:32:13-43
99            android:exported="false" >
99-->[com.google.firebase:firebase-perf:20.5.1] AndroidManifest.xml:13:13-37
100            <meta-data
100-->[:firebase_performance] AndroidManifest.xml:13:13-15:85
101                android:name="com.google.firebase.components:io.flutter.plugins.firebase.performance.FlutterFirebaseAppRegistrar"
101-->[:firebase_performance] AndroidManifest.xml:14:17-130
102                android:value="com.google.firebase.components.ComponentRegistrar" />
102-->[:firebase_performance] AndroidManifest.xml:15:17-82
103            <meta-data
103-->[:cloud_firestore] AndroidManifest.xml:11:13-13:85
104                android:name="com.google.firebase.components:io.flutter.plugins.firebase.firestore.FlutterFirebaseFirestoreRegistrar"
104-->[:cloud_firestore] AndroidManifest.xml:12:17-134
105                android:value="com.google.firebase.components.ComponentRegistrar" />
105-->[:cloud_firestore] AndroidManifest.xml:13:17-82
106            <meta-data
106-->[:firebase_auth] AndroidManifest.xml:11:13-13:85
107                android:name="com.google.firebase.components:io.flutter.plugins.firebase.auth.FlutterFirebaseAuthRegistrar"
107-->[:firebase_auth] AndroidManifest.xml:12:17-124
108                android:value="com.google.firebase.components.ComponentRegistrar" />
108-->[:firebase_auth] AndroidManifest.xml:13:17-82
109            <meta-data
109-->[:firebase_core] AndroidManifest.xml:11:13-13:85
110                android:name="com.google.firebase.components:io.flutter.plugins.firebase.core.FlutterFirebaseCoreRegistrar"
110-->[:firebase_core] AndroidManifest.xml:12:17-124
111                android:value="com.google.firebase.components.ComponentRegistrar" />
111-->[:firebase_core] AndroidManifest.xml:13:17-82
112            <meta-data
112-->[com.google.firebase:firebase-perf:20.5.1] AndroidManifest.xml:14:13-16:85
113                android:name="com.google.firebase.components:com.google.firebase.perf.FirebasePerfKtxRegistrar"
113-->[com.google.firebase:firebase-perf:20.5.1] AndroidManifest.xml:15:17-112
114                android:value="com.google.firebase.components.ComponentRegistrar" />
114-->[com.google.firebase:firebase-perf:20.5.1] AndroidManifest.xml:16:17-82
115            <meta-data
115-->[com.google.firebase:firebase-perf:20.5.1] AndroidManifest.xml:17:13-19:85
116                android:name="com.google.firebase.components:com.google.firebase.perf.FirebasePerfRegistrar"
116-->[com.google.firebase:firebase-perf:20.5.1] AndroidManifest.xml:18:17-109
117                android:value="com.google.firebase.components.ComponentRegistrar" />
117-->[com.google.firebase:firebase-perf:20.5.1] AndroidManifest.xml:19:17-82
118            <meta-data
118-->[com.google.firebase:firebase-sessions:1.2.0] AndroidManifest.xml:29:13-31:85
119                android:name="com.google.firebase.components:com.google.firebase.sessions.FirebaseSessionsRegistrar"
119-->[com.google.firebase:firebase-sessions:1.2.0] AndroidManifest.xml:30:17-117
120                android:value="com.google.firebase.components.ComponentRegistrar" />
120-->[com.google.firebase:firebase-sessions:1.2.0] AndroidManifest.xml:31:17-82
121            <meta-data
121-->[com.google.firebase:firebase-auth:22.3.1] AndroidManifest.xml:69:13-71:85
122                android:name="com.google.firebase.components:com.google.firebase.auth.FirebaseAuthRegistrar"
122-->[com.google.firebase:firebase-auth:22.3.1] AndroidManifest.xml:70:17-109
123                android:value="com.google.firebase.components.ComponentRegistrar" />
123-->[com.google.firebase:firebase-auth:22.3.1] AndroidManifest.xml:71:17-82
124            <meta-data
124-->[com.google.firebase:firebase-firestore:24.10.1] AndroidManifest.xml:17:13-19:85
125                android:name="com.google.firebase.components:com.google.firebase.firestore.FirebaseFirestoreKtxRegistrar"
125-->[com.google.firebase:firebase-firestore:24.10.1] AndroidManifest.xml:18:17-122
126                android:value="com.google.firebase.components.ComponentRegistrar" />
126-->[com.google.firebase:firebase-firestore:24.10.1] AndroidManifest.xml:19:17-82
127            <meta-data
127-->[com.google.firebase:firebase-firestore:24.10.1] AndroidManifest.xml:20:13-22:85
128                android:name="com.google.firebase.components:com.google.firebase.firestore.FirestoreRegistrar"
128-->[com.google.firebase:firebase-firestore:24.10.1] AndroidManifest.xml:21:17-111
129                android:value="com.google.firebase.components.ComponentRegistrar" />
129-->[com.google.firebase:firebase-firestore:24.10.1] AndroidManifest.xml:22:17-82
130            <meta-data
130-->[com.google.firebase:firebase-config:21.6.0] AndroidManifest.xml:29:13-31:85
131                android:name="com.google.firebase.components:com.google.firebase.remoteconfig.FirebaseRemoteConfigKtxRegistrar"
131-->[com.google.firebase:firebase-config:21.6.0] AndroidManifest.xml:30:17-128
132                android:value="com.google.firebase.components.ComponentRegistrar" />
132-->[com.google.firebase:firebase-config:21.6.0] AndroidManifest.xml:31:17-82
133            <meta-data
133-->[com.google.firebase:firebase-config:21.6.0] AndroidManifest.xml:32:13-34:85
134                android:name="com.google.firebase.components:com.google.firebase.remoteconfig.RemoteConfigRegistrar"
134-->[com.google.firebase:firebase-config:21.6.0] AndroidManifest.xml:33:17-117
135                android:value="com.google.firebase.components.ComponentRegistrar" />
135-->[com.google.firebase:firebase-config:21.6.0] AndroidManifest.xml:34:17-82
136            <meta-data
136-->[com.google.firebase:firebase-installations:17.2.0] AndroidManifest.xml:15:13-17:85
137                android:name="com.google.firebase.components:com.google.firebase.installations.FirebaseInstallationsKtxRegistrar"
137-->[com.google.firebase:firebase-installations:17.2.0] AndroidManifest.xml:16:17-130
138                android:value="com.google.firebase.components.ComponentRegistrar" />
138-->[com.google.firebase:firebase-installations:17.2.0] AndroidManifest.xml:17:17-82
139            <meta-data
139-->[com.google.firebase:firebase-installations:17.2.0] AndroidManifest.xml:18:13-20:85
140                android:name="com.google.firebase.components:com.google.firebase.installations.FirebaseInstallationsRegistrar"
140-->[com.google.firebase:firebase-installations:17.2.0] AndroidManifest.xml:19:17-127
141                android:value="com.google.firebase.components.ComponentRegistrar" />
141-->[com.google.firebase:firebase-installations:17.2.0] AndroidManifest.xml:20:17-82
142            <meta-data
142-->[com.google.firebase:firebase-common-ktx:20.4.2] AndroidManifest.xml:12:13-14:85
143                android:name="com.google.firebase.components:com.google.firebase.ktx.FirebaseCommonLegacyRegistrar"
143-->[com.google.firebase:firebase-common-ktx:20.4.2] AndroidManifest.xml:13:17-116
144                android:value="com.google.firebase.components.ComponentRegistrar" />
144-->[com.google.firebase:firebase-common-ktx:20.4.2] AndroidManifest.xml:14:17-82
145            <meta-data
145-->[com.google.firebase:firebase-datatransport:18.1.8] AndroidManifest.xml:27:13-29:85
146                android:name="com.google.firebase.components:com.google.firebase.datatransport.TransportRegistrar"
146-->[com.google.firebase:firebase-datatransport:18.1.8] AndroidManifest.xml:28:17-115
147                android:value="com.google.firebase.components.ComponentRegistrar" />
147-->[com.google.firebase:firebase-datatransport:18.1.8] AndroidManifest.xml:29:17-82
148            <meta-data
148-->[com.google.firebase:firebase-common:20.4.2] AndroidManifest.xml:35:13-37:85
149                android:name="com.google.firebase.components:com.google.firebase.FirebaseCommonKtxRegistrar"
149-->[com.google.firebase:firebase-common:20.4.2] AndroidManifest.xml:36:17-109
150                android:value="com.google.firebase.components.ComponentRegistrar" />
150-->[com.google.firebase:firebase-common:20.4.2] AndroidManifest.xml:37:17-82
151            <meta-data
151-->[com.google.firebase:firebase-abt:21.1.1] AndroidManifest.xml:12:13-14:85
152                android:name="com.google.firebase.components:com.google.firebase.abt.component.AbtRegistrar"
152-->[com.google.firebase:firebase-abt:21.1.1] AndroidManifest.xml:13:17-109
153                android:value="com.google.firebase.components.ComponentRegistrar" />
153-->[com.google.firebase:firebase-abt:21.1.1] AndroidManifest.xml:14:17-82
154        </service>
155
156        <activity
156-->[:url_launcher_android] AndroidManifest.xml:10:9-13:74
157            android:name="io.flutter.plugins.urllauncher.WebViewActivity"
157-->[:url_launcher_android] AndroidManifest.xml:11:13-74
158            android:exported="false"
158-->[:url_launcher_android] AndroidManifest.xml:12:13-37
159            android:theme="@android:style/Theme.NoTitleBar.Fullscreen" />
159-->[:url_launcher_android] AndroidManifest.xml:13:13-71
160
161        <service
161-->[com.google.firebase:firebase-sessions:1.2.0] AndroidManifest.xml:22:9-25:40
162            android:name="com.google.firebase.sessions.SessionLifecycleService"
162-->[com.google.firebase:firebase-sessions:1.2.0] AndroidManifest.xml:23:13-80
163            android:enabled="true"
163-->[com.google.firebase:firebase-sessions:1.2.0] AndroidManifest.xml:24:13-35
164            android:exported="false" />
164-->[com.google.firebase:firebase-sessions:1.2.0] AndroidManifest.xml:25:13-37
165
166        <activity
166-->[com.google.firebase:firebase-auth:22.3.1] AndroidManifest.xml:29:9-46:20
167            android:name="com.google.firebase.auth.internal.GenericIdpActivity"
167-->[com.google.firebase:firebase-auth:22.3.1] AndroidManifest.xml:30:13-80
168            android:excludeFromRecents="true"
168-->[com.google.firebase:firebase-auth:22.3.1] AndroidManifest.xml:31:13-46
169            android:exported="true"
169-->[com.google.firebase:firebase-auth:22.3.1] AndroidManifest.xml:32:13-36
170            android:launchMode="singleTask"
170-->[com.google.firebase:firebase-auth:22.3.1] AndroidManifest.xml:33:13-44
171            android:theme="@android:style/Theme.Translucent.NoTitleBar" >
171-->[com.google.firebase:firebase-auth:22.3.1] AndroidManifest.xml:34:13-72
172            <intent-filter>
172-->[com.google.firebase:firebase-auth:22.3.1] AndroidManifest.xml:35:13-45:29
173                <action android:name="android.intent.action.VIEW" />
173-->src\main\AndroidManifest.xml:51:17-69
173-->src\main\AndroidManifest.xml:51:25-66
174
175                <category android:name="android.intent.category.DEFAULT" />
175-->src\main\AndroidManifest.xml:52:17-76
175-->src\main\AndroidManifest.xml:52:27-73
176                <category android:name="android.intent.category.BROWSABLE" />
176-->src\main\AndroidManifest.xml:53:17-78
176-->src\main\AndroidManifest.xml:53:27-75
177
178                <data
178-->src\main\AndroidManifest.xml:54:17-97
179                    android:host="firebase.auth"
179-->src\main\AndroidManifest.xml:54:58-94
180                    android:path="/"
181                    android:scheme="genericidp" />
181-->src\main\AndroidManifest.xml:54:23-57
182            </intent-filter>
183        </activity>
184        <activity
184-->[com.google.firebase:firebase-auth:22.3.1] AndroidManifest.xml:47:9-64:20
185            android:name="com.google.firebase.auth.internal.RecaptchaActivity"
185-->[com.google.firebase:firebase-auth:22.3.1] AndroidManifest.xml:48:13-79
186            android:excludeFromRecents="true"
186-->[com.google.firebase:firebase-auth:22.3.1] AndroidManifest.xml:49:13-46
187            android:exported="true"
187-->[com.google.firebase:firebase-auth:22.3.1] AndroidManifest.xml:50:13-36
188            android:launchMode="singleTask"
188-->[com.google.firebase:firebase-auth:22.3.1] AndroidManifest.xml:51:13-44
189            android:theme="@android:style/Theme.Translucent.NoTitleBar" >
189-->[com.google.firebase:firebase-auth:22.3.1] AndroidManifest.xml:52:13-72
190            <intent-filter>
190-->[com.google.firebase:firebase-auth:22.3.1] AndroidManifest.xml:53:13-63:29
191                <action android:name="android.intent.action.VIEW" />
191-->src\main\AndroidManifest.xml:51:17-69
191-->src\main\AndroidManifest.xml:51:25-66
192
193                <category android:name="android.intent.category.DEFAULT" />
193-->src\main\AndroidManifest.xml:52:17-76
193-->src\main\AndroidManifest.xml:52:27-73
194                <category android:name="android.intent.category.BROWSABLE" />
194-->src\main\AndroidManifest.xml:53:17-78
194-->src\main\AndroidManifest.xml:53:27-75
195
196                <data
196-->src\main\AndroidManifest.xml:54:17-97
197                    android:host="firebase.auth"
197-->src\main\AndroidManifest.xml:54:58-94
198                    android:path="/"
199                    android:scheme="recaptcha" />
199-->src\main\AndroidManifest.xml:54:23-57
200            </intent-filter>
201        </activity>
202
203        <service
203-->[com.google.android.datatransport:transport-backend-cct:3.1.9] AndroidManifest.xml:28:9-34:19
204            android:name="com.google.android.datatransport.runtime.backends.TransportBackendDiscovery"
204-->[com.google.android.datatransport:transport-backend-cct:3.1.9] AndroidManifest.xml:29:13-103
205            android:exported="false" >
205-->[com.google.android.datatransport:transport-backend-cct:3.1.9] AndroidManifest.xml:30:13-37
206            <meta-data
206-->[com.google.android.datatransport:transport-backend-cct:3.1.9] AndroidManifest.xml:31:13-33:39
207                android:name="backend:com.google.android.datatransport.cct.CctBackendFactory"
207-->[com.google.android.datatransport:transport-backend-cct:3.1.9] AndroidManifest.xml:32:17-94
208                android:value="cct" />
208-->[com.google.android.datatransport:transport-backend-cct:3.1.9] AndroidManifest.xml:33:17-36
209        </service>
210
211        <uses-library
211-->[androidx.window:window:1.0.0-beta04] AndroidManifest.xml:25:9-27:40
212            android:name="androidx.window.extensions"
212-->[androidx.window:window:1.0.0-beta04] AndroidManifest.xml:26:13-54
213            android:required="false" />
213-->[androidx.window:window:1.0.0-beta04] AndroidManifest.xml:27:13-37
214        <uses-library
214-->[androidx.window:window:1.0.0-beta04] AndroidManifest.xml:28:9-30:40
215            android:name="androidx.window.sidecar"
215-->[androidx.window:window:1.0.0-beta04] AndroidManifest.xml:29:13-51
216            android:required="false" />
216-->[androidx.window:window:1.0.0-beta04] AndroidManifest.xml:30:13-37
217
218        <provider
218-->[com.google.firebase:firebase-common:20.4.2] AndroidManifest.xml:23:9-28:39
219            android:name="com.google.firebase.provider.FirebaseInitProvider"
219-->[com.google.firebase:firebase-common:20.4.2] AndroidManifest.xml:24:13-77
220            android:authorities="com.mycompany.equibriumedsystem.firebaseinitprovider"
220-->[com.google.firebase:firebase-common:20.4.2] AndroidManifest.xml:25:13-72
221            android:directBootAware="true"
221-->[com.google.firebase:firebase-common:20.4.2] AndroidManifest.xml:26:13-43
222            android:exported="false"
222-->[com.google.firebase:firebase-common:20.4.2] AndroidManifest.xml:27:13-37
223            android:initOrder="100" />
223-->[com.google.firebase:firebase-common:20.4.2] AndroidManifest.xml:28:13-36
224
225        <activity
225-->[com.google.android.gms:play-services-auth:20.7.0] AndroidManifest.xml:23:9-27:75
226            android:name="com.google.android.gms.auth.api.signin.internal.SignInHubActivity"
226-->[com.google.android.gms:play-services-auth:20.7.0] AndroidManifest.xml:24:13-93
227            android:excludeFromRecents="true"
227-->[com.google.android.gms:play-services-auth:20.7.0] AndroidManifest.xml:25:13-46
228            android:exported="false"
228-->[com.google.android.gms:play-services-auth:20.7.0] AndroidManifest.xml:26:13-37
229            android:theme="@android:style/Theme.Translucent.NoTitleBar" />
229-->[com.google.android.gms:play-services-auth:20.7.0] AndroidManifest.xml:27:13-72
230        <!--
231            Service handling Google Sign-In user revocation. For apps that do not integrate with
232            Google Sign-In, this service will never be started.
233        -->
234        <service
234-->[com.google.android.gms:play-services-auth:20.7.0] AndroidManifest.xml:33:9-37:51
235            android:name="com.google.android.gms.auth.api.signin.RevocationBoundService"
235-->[com.google.android.gms:play-services-auth:20.7.0] AndroidManifest.xml:34:13-89
236            android:exported="true"
236-->[com.google.android.gms:play-services-auth:20.7.0] AndroidManifest.xml:35:13-36
237            android:permission="com.google.android.gms.auth.api.signin.permission.REVOCATION_NOTIFICATION"
237-->[com.google.android.gms:play-services-auth:20.7.0] AndroidManifest.xml:36:13-107
238            android:visibleToInstantApps="true" />
238-->[com.google.android.gms:play-services-auth:20.7.0] AndroidManifest.xml:37:13-48
239
240        <activity
240-->[com.google.android.gms:play-services-base:18.0.1] AndroidManifest.xml:20:9-22:45
241            android:name="com.google.android.gms.common.api.GoogleApiActivity"
241-->[com.google.android.gms:play-services-base:18.0.1] AndroidManifest.xml:20:19-85
242            android:exported="false"
242-->[com.google.android.gms:play-services-base:18.0.1] AndroidManifest.xml:22:19-43
243            android:theme="@android:style/Theme.Translucent.NoTitleBar" />
243-->[com.google.android.gms:play-services-base:18.0.1] AndroidManifest.xml:21:19-78
244
245        <meta-data
245-->[com.google.android.gms:play-services-basement:18.2.0] AndroidManifest.xml:21:9-23:69
246            android:name="com.google.android.gms.version"
246-->[com.google.android.gms:play-services-basement:18.2.0] AndroidManifest.xml:22:13-58
247            android:value="@integer/google_play_services_version" />
247-->[com.google.android.gms:play-services-basement:18.2.0] AndroidManifest.xml:23:13-66
248
249        <provider
249-->[androidx.lifecycle:lifecycle-process:2.3.1] AndroidManifest.xml:25:9-29:43
250            android:name="androidx.lifecycle.ProcessLifecycleOwnerInitializer"
250-->[androidx.lifecycle:lifecycle-process:2.3.1] AndroidManifest.xml:26:13-79
251            android:authorities="com.mycompany.equibriumedsystem.lifecycle-process"
251-->[androidx.lifecycle:lifecycle-process:2.3.1] AndroidManifest.xml:27:13-69
252            android:exported="false"
252-->[androidx.lifecycle:lifecycle-process:2.3.1] AndroidManifest.xml:28:13-37
253            android:multiprocess="true" />
253-->[androidx.lifecycle:lifecycle-process:2.3.1] AndroidManifest.xml:29:13-40
254
255        <service
255-->[com.google.android.datatransport:transport-runtime:3.1.9] AndroidManifest.xml:26:9-30:19
256            android:name="com.google.android.datatransport.runtime.scheduling.jobscheduling.JobInfoSchedulerService"
256-->[com.google.android.datatransport:transport-runtime:3.1.9] AndroidManifest.xml:27:13-117
257            android:exported="false"
257-->[com.google.android.datatransport:transport-runtime:3.1.9] AndroidManifest.xml:28:13-37
258            android:permission="android.permission.BIND_JOB_SERVICE" >
258-->[com.google.android.datatransport:transport-runtime:3.1.9] AndroidManifest.xml:29:13-69
259        </service>
260
261        <receiver
261-->[com.google.android.datatransport:transport-runtime:3.1.9] AndroidManifest.xml:32:9-34:40
262            android:name="com.google.android.datatransport.runtime.scheduling.jobscheduling.AlarmManagerSchedulerBroadcastReceiver"
262-->[com.google.android.datatransport:transport-runtime:3.1.9] AndroidManifest.xml:33:13-132
263            android:exported="false" />
263-->[com.google.android.datatransport:transport-runtime:3.1.9] AndroidManifest.xml:34:13-37
264    </application>
265
266</manifest>